# JRE version: OpenJDK Runtime Environment Temurin-21.0.8+9 (21.0.8+9) (build 21.0.8+9-LTS)
# Java VM: OpenJDK 64-Bit Server VM Temurin-21.0.8+9 (21.0.8+9-LTS, mixed mode, sharing, tiered, compressed oops, compressed class ptrs, parallel gc, windows-amd64)
GC Precious Log:
 CardTable entry size: 512
 CPUs: 4 total, 4 available
 Memory: 3908M
 Large Page Support: Disabled
 NUMA Support: Disabled
 Compressed Oops: Enabled (32-bit)
 Alignments: Space 512K, Generation 512K, Heap 2M
 Heap Min Capacity: 100M
 Heap Initial Capacity: 100M
 Heap Max Capacity: 2G
 Pre-touch: Disabled
 Parallel Workers: 4
Heap:
 PSYoungGen      total 2560K, used 854K [0x00000000d5580000, 0x00000000d5900000, 0x0000000100000000)
  eden space 2048K, 37% used [0x00000000d5580000,0x00000000d563d828,0x00000000d5780000)
  from space 512K, 18% used [0x00000000d5880000,0x00000000d5898000,0x00000000d5900000)
  to   space 512K, 0% used [0x00000000d5800000,0x00000000d5800000,0x00000000d5880000)
 ParOldGen       total 330752K, used 150140K [0x0000000080000000, 0x0000000094300000, 0x00000000d5580000)
  object space 330752K, 45% used [0x0000000080000000,0x000000008929f0b0,0x0000000094300000)
 Metaspace       used 84261K, committed 85824K, reserved 1179648K
  class space    used 9040K, committed 9728K, reserved 1048576K
GC Heap History (20 events):
Event: 248645.402 GC heap before
{Heap before GC invocations=643 (full 4):
 PSYoungGen      total 2560K, used 2298K [0x00000000d5580000, 0x00000000d5900000, 0x0000000100000000)
  eden space 2048K, 100% used [0x00000000d5580000,0x00000000d5780000,0x00000000d5780000)
  from space 512K, 48% used [0x00000000d5880000,0x00000000d58be950,0x00000000d5900000)
  to   space 512K, 0% used [0x00000000d5800000,0x00000000d5800000,0x00000000d5880000)
 ParOldGen       total 330752K, used 147883K [0x0000000080000000, 0x0000000094300000, 0x00000000d5580000)
  object space 330752K, 44% used [0x0000000080000000,0x000000008906af80,0x0000000094300000)
 Metaspace       used 83840K, committed 85440K, reserved 1179648K
  class space    used 9004K, committed 9728K, reserved 1048576K
}
Event: 248645.404 GC heap after
{Heap after GC invocations=643 (full 4):
 PSYoungGen      total 2560K, used 128K [0x00000000d5580000, 0x00000000d5900000, 0x0000000100000000)
  eden space 2048K, 0% used [0x00000000d5580000,0x00000000d5580000,0x00000000d5780000)
  from space 512K, 25% used [0x00000000d5800000,0x00000000d5820000,0x00000000d5880000)
  to   space 512K, 0% used [0x00000000d5880000,0x00000000d5880000,0x00000000d5900000)
 ParOldGen       total 330752K, used 147899K [0x0000000080000000, 0x0000000094300000, 0x00000000d5580000)
  object space 330752K, 44% used [0x0000000080000000,0x000000008906ef80,0x0000000094300000)
 Metaspace       used 83840K, committed 85440K, reserved 1179648K
  class space    used 9004K, committed 9728K, reserved 1048576K
}
Event: 248645.532 GC heap before
{Heap before GC invocations=644 (full 4):
 PSYoungGen      total 2560K, used 2176K [0x00000000d5580000, 0x00000000d5900000, 0x0000000100000000)
  eden space 2048K, 100% used [0x00000000d5580000,0x00000000d5780000,0x00000000d5780000)
  from space 512K, 25% used [0x00000000d5800000,0x00000000d5820000,0x00000000d5880000)
  to   space 512K, 0% used [0x00000000d5880000,0x00000000d5880000,0x00000000d5900000)
 ParOldGen       total 330752K, used 147899K [0x0000000080000000, 0x0000000094300000, 0x00000000d5580000)
  object space 330752K, 44% used [0x0000000080000000,0x000000008906ef80,0x0000000094300000)
 Metaspace       used 84085K, committed 85632K, reserved 1179648K
  class space    used 9028K, committed 9728K, reserved 1048576K
}
Event: 248645.535 GC heap after
{Heap after GC invocations=644 (full 4):
 PSYoungGen      total 2560K, used 331K [0x00000000d5580000, 0x00000000d5900000, 0x0000000100000000)
  eden space 2048K, 0% used [0x00000000d5580000,0x00000000d5580000,0x00000000d5780000)
  from space 512K, 64% used [0x00000000d5880000,0x00000000d58d2f88,0x00000000d5900000)
  to   space 512K, 0% used [0x00000000d5800000,0x00000000d5800000,0x00000000d5880000)
 ParOldGen       total 330752K, used 147931K [0x0000000080000000, 0x0000000094300000, 0x00000000d5580000)
  object space 330752K, 44% used [0x0000000080000000,0x0000000089076f80,0x0000000094300000)
 Metaspace       used 84085K, committed 85632K, reserved 1179648K
  class space    used 9028K, committed 9728K, reserved 1048576K
}
Event: 248645.586 GC heap before
{Heap before GC invocations=645 (full 4):
 PSYoungGen      total 2560K, used 2379K [0x00000000d5580000, 0x00000000d5900000, 0x0000000100000000)
  eden space 2048K, 99% used [0x00000000d5580000,0x00000000d577fff0,0x00000000d5780000)
  from space 512K, 64% used [0x00000000d5880000,0x00000000d58d2f88,0x00000000d5900000)
  to   space 512K, 0% used [0x00000000d5800000,0x00000000d5800000,0x00000000d5880000)
 ParOldGen       total 330752K, used 147931K [0x0000000080000000, 0x0000000094300000, 0x00000000d5580000)
  object space 330752K, 44% used [0x0000000080000000,0x0000000089076f80,0x0000000094300000)
 Metaspace       used 84152K, committed 85696K, reserved 1179648K
  class space    used 9036K, committed 9728K, reserved 1048576K
}
Event: 248645.589 GC heap after
{Heap after GC invocations=645 (full 4):
 PSYoungGen      total 2560K, used 384K [0x00000000d5580000, 0x00000000d5900000, 0x0000000100000000)
  eden space 2048K, 0% used [0x00000000d5580000,0x00000000d5580000,0x00000000d5780000)
  from space 512K, 75% used [0x00000000d5800000,0x00000000d5860020,0x00000000d5880000)
  to   space 512K, 0% used [0x00000000d5880000,0x00000000d5880000,0x00000000d5900000)
 ParOldGen       total 330752K, used 148019K [0x0000000080000000, 0x0000000094300000, 0x00000000d5580000)
  object space 330752K, 44% used [0x0000000080000000,0x000000008908cf80,0x0000000094300000)
 Metaspace       used 84152K, committed 85696K, reserved 1179648K
  class space    used 9036K, committed 9728K, reserved 1048576K
}
Event: 248645.602 GC heap before
{Heap before GC invocations=646 (full 4):
 PSYoungGen      total 2560K, used 2432K [0x00000000d5580000, 0x00000000d5900000, 0x0000000100000000)
  eden space 2048K, 100% used [0x00000000d5580000,0x00000000d5780000,0x00000000d5780000)
  from space 512K, 75% used [0x00000000d5800000,0x00000000d5860020,0x00000000d5880000)
  to   space 512K, 0% used [0x00000000d5880000,0x00000000d5880000,0x00000000d5900000)
 ParOldGen       total 330752K, used 148019K [0x0000000080000000, 0x0000000094300000, 0x00000000d5580000)
  object space 330752K, 44% used [0x0000000080000000,0x000000008908cf80,0x0000000094300000)
 Metaspace       used 84155K, committed 85760K, reserved 1179648K
  class space    used 9037K, committed 9728K, reserved 1048576K
}
Event: 248645.606 GC heap after
{Heap after GC invocations=646 (full 4):
 PSYoungGen      total 2560K, used 484K [0x00000000d5580000, 0x00000000d5980000, 0x0000000100000000)
  eden space 2048K, 0% used [0x00000000d5580000,0x00000000d5580000,0x00000000d5780000)
  from space 512K, 94% used [0x00000000d5880000,0x00000000d58f9210,0x00000000d5900000)
  to   space 1024K, 0% used [0x00000000d5780000,0x00000000d5780000,0x00000000d5880000)
 ParOldGen       total 330752K, used 148344K [0x0000000080000000, 0x0000000094300000, 0x00000000d5580000)
  object space 330752K, 44% used [0x0000000080000000,0x00000000890de220,0x0000000094300000)
 Metaspace       used 84155K, committed 85760K, reserved 1179648K
  class space    used 9037K, committed 9728K, reserved 1048576K
}
Event: 248645.614 GC heap before
{Heap before GC invocations=647 (full 4):
 PSYoungGen      total 2560K, used 2532K [0x00000000d5580000, 0x00000000d5980000, 0x0000000100000000)
  eden space 2048K, 100% used [0x00000000d5580000,0x00000000d5780000,0x00000000d5780000)
  from space 512K, 94% used [0x00000000d5880000,0x00000000d58f9210,0x00000000d5900000)
  to   space 1024K, 0% used [0x00000000d5780000,0x00000000d5780000,0x00000000d5880000)
 ParOldGen       total 330752K, used 148344K [0x0000000080000000, 0x0000000094300000, 0x00000000d5580000)
  object space 330752K, 44% used [0x0000000080000000,0x00000000890de220,0x0000000094300000)
 Metaspace       used 84157K, committed 85760K, reserved 1179648K
  class space    used 9037K, committed 9728K, reserved 1048576K
}
Event: 248645.618 GC heap after
{Heap after GC invocations=647 (full 4):
 PSYoungGen      total 3072K, used 160K [0x00000000d5580000, 0x00000000d5900000, 0x0000000100000000)
  eden space 2048K, 0% used [0x00000000d5580000,0x00000000d5580000,0x00000000d5780000)
  from space 1024K, 15% used [0x00000000d5780000,0x00000000d57a8000,0x00000000d5880000)
  to   space 512K, 0% used [0x00000000d5880000,0x00000000d5880000,0x00000000d5900000)
 ParOldGen       total 330752K, used 148821K [0x0000000080000000, 0x0000000094300000, 0x00000000d5580000)
  object space 330752K, 44% used [0x0000000080000000,0x0000000089155440,0x0000000094300000)
 Metaspace       used 84157K, committed 85760K, reserved 1179648K
  class space    used 9037K, committed 9728K, reserved 1048576K
}
Event: 248645.634 GC heap before
{Heap before GC invocations=648 (full 4):
 PSYoungGen      total 3072K, used 2208K [0x00000000d5580000, 0x00000000d5900000, 0x0000000100000000)
  eden space 2048K, 100% used [0x00000000d5580000,0x00000000d5780000,0x00000000d5780000)
  from space 1024K, 15% used [0x00000000d5780000,0x00000000d57a8000,0x00000000d5880000)
  to   space 512K, 0% used [0x00000000d5880000,0x00000000d5880000,0x00000000d5900000)
 ParOldGen       total 330752K, used 148821K [0x0000000080000000, 0x0000000094300000, 0x00000000d5580000)
  object space 330752K, 44% used [0x0000000080000000,0x0000000089155440,0x0000000094300000)
 Metaspace       used 84160K, committed 85760K, reserved 1179648K
  class space    used 9037K, committed 9728K, reserved 1048576K
}
Event: 248645.637 GC heap after
{Heap after GC invocations=648 (full 4):
 PSYoungGen      total 2560K, used 416K [0x00000000d5580000, 0x00000000d5900000, 0x0000000100000000)
  eden space 2048K, 0% used [0x00000000d5580000,0x00000000d5580000,0x00000000d5780000)
  from space 512K, 81% used [0x00000000d5880000,0x00000000d58e8000,0x00000000d5900000)
  to   space 512K, 0% used [0x00000000d5800000,0x00000000d5800000,0x00000000d5880000)
 ParOldGen       total 330752K, used 148957K [0x0000000080000000, 0x0000000094300000, 0x00000000d5580000)
  object space 330752K, 45% used [0x0000000080000000,0x0000000089177450,0x0000000094300000)
 Metaspace       used 84160K, committed 85760K, reserved 1179648K
  class space    used 9037K, committed 9728K, reserved 1048576K
}
Event: 248645.676 GC heap before
{Heap before GC invocations=649 (full 4):
 PSYoungGen      total 2560K, used 2464K [0x00000000d5580000, 0x00000000d5900000, 0x0000000100000000)
  eden space 2048K, 100% used [0x00000000d5580000,0x00000000d5780000,0x00000000d5780000)
  from space 512K, 81% used [0x00000000d5880000,0x00000000d58e8000,0x00000000d5900000)
  to   space 512K, 0% used [0x00000000d5800000,0x00000000d5800000,0x00000000d5880000)
 ParOldGen       total 330752K, used 148957K [0x0000000080000000, 0x0000000094300000, 0x00000000d5580000)
  object space 330752K, 45% used [0x0000000080000000,0x0000000089177450,0x0000000094300000)
 Metaspace       used 84174K, committed 85760K, reserved 1179648K
  class space    used 9037K, committed 9728K, reserved 1048576K
}
Event: 248645.681 GC heap after
{Heap after GC invocations=649 (full 4):
 PSYoungGen      total 2560K, used 512K [0x00000000d5580000, 0x00000000d5980000, 0x0000000100000000)
  eden space 2048K, 0% used [0x00000000d5580000,0x00000000d5580000,0x00000000d5780000)
  from space 512K, 100% used [0x00000000d5800000,0x00000000d5880000,0x00000000d5880000)
  to   space 1024K, 0% used [0x00000000d5880000,0x00000000d5880000,0x00000000d5980000)
 ParOldGen       total 330752K, used 149369K [0x0000000080000000, 0x0000000094300000, 0x00000000d5580000)
  object space 330752K, 45% used [0x0000000080000000,0x00000000891de460,0x0000000094300000)
 Metaspace       used 84174K, committed 85760K, reserved 1179648K
  class space    used 9037K, committed 9728K, reserved 1048576K
}
Event: 248645.714 GC heap before
{Heap before GC invocations=650 (full 4):
 PSYoungGen      total 2560K, used 2560K [0x00000000d5580000, 0x00000000d5980000, 0x0000000100000000)
  eden space 2048K, 100% used [0x00000000d5580000,0x00000000d5780000,0x00000000d5780000)
  from space 512K, 100% used [0x00000000d5800000,0x00000000d5880000,0x00000000d5880000)
  to   space 1024K, 0% used [0x00000000d5880000,0x00000000d5880000,0x00000000d5980000)
 ParOldGen       total 330752K, used 149369K [0x0000000080000000, 0x0000000094300000, 0x00000000d5580000)
  object space 330752K, 45% used [0x0000000080000000,0x00000000891de460,0x0000000094300000)
 Metaspace       used 84237K, committed 85760K, reserved 1179648K
  class space    used 9040K, committed 9728K, reserved 1048576K
}
Event: 248645.722 GC heap after
{Heap after GC invocations=650 (full 4):
 PSYoungGen      total 3072K, used 314K [0x00000000d5580000, 0x00000000d5980000, 0x0000000100000000)
  eden space 2048K, 0% used [0x00000000d5580000,0x00000000d5580000,0x00000000d5780000)
  from space 1024K, 30% used [0x00000000d5880000,0x00000000d58ce950,0x00000000d5980000)
  to   space 1024K, 0% used [0x00000000d5780000,0x00000000d5780000,0x00000000d5880000)
 ParOldGen       total 330752K, used 149880K [0x0000000080000000, 0x0000000094300000, 0x00000000d5580000)
  object space 330752K, 45% used [0x0000000080000000,0x000000008925e240,0x0000000094300000)
 Metaspace       used 84237K, committed 85760K, reserved 1179648K
  class space    used 9040K, committed 9728K, reserved 1048576K
}
Event: 248645.740 GC heap before
{Heap before GC invocations=651 (full 4):
 PSYoungGen      total 3072K, used 2362K [0x00000000d5580000, 0x00000000d5980000, 0x0000000100000000)
  eden space 2048K, 100% used [0x00000000d5580000,0x00000000d5780000,0x00000000d5780000)
  from space 1024K, 30% used [0x00000000d5880000,0x00000000d58ce950,0x00000000d5980000)
  to   space 1024K, 0% used [0x00000000d5780000,0x00000000d5780000,0x00000000d5880000)
 ParOldGen       total 330752K, used 149880K [0x0000000080000000, 0x0000000094300000, 0x00000000d5580000)
  object space 330752K, 45% used [0x0000000080000000,0x000000008925e240,0x0000000094300000)
 Metaspace       used 84240K, committed 85760K, reserved 1179648K
  class space    used 9040K, committed 9728K, reserved 1048576K
}
Event: 248645.744 GC heap after
{Heap after GC invocations=651 (full 4):
 PSYoungGen      total 3072K, used 128K [0x00000000d5580000, 0x00000000d5900000, 0x0000000100000000)
  eden space 2048K, 0% used [0x00000000d5580000,0x00000000d5580000,0x00000000d5780000)
  from space 1024K, 12% used [0x00000000d5780000,0x00000000d57a0000,0x00000000d5880000)
  to   space 512K, 0% used [0x00000000d5880000,0x00000000d5880000,0x00000000d5900000)
 ParOldGen       total 330752K, used 150132K [0x0000000080000000, 0x0000000094300000, 0x00000000d5580000)
  object space 330752K, 45% used [0x0000000080000000,0x000000008929d0b0,0x0000000094300000)
 Metaspace       used 84240K, committed 85760K, reserved 1179648K
  class space    used 9040K, committed 9728K, reserved 1048576K
}
Event: 248750.181 GC heap before
{Heap before GC invocations=652 (full 4):
 PSYoungGen      total 3072K, used 2176K [0x00000000d5580000, 0x00000000d5900000, 0x0000000100000000)
  eden space 2048K, 100% used [0x00000000d5580000,0x00000000d5780000,0x00000000d5780000)
  from space 1024K, 12% used [0x00000000d5780000,0x00000000d57a0000,0x00000000d5880000)
  to   space 512K, 0% used [0x00000000d5880000,0x00000000d5880000,0x00000000d5900000)
 ParOldGen       total 330752K, used 150132K [0x0000000080000000, 0x0000000094300000, 0x00000000d5580000)
  object space 330752K, 45% used [0x0000000080000000,0x000000008929d0b0,0x0000000094300000)
 Metaspace       used 84261K, committed 85824K, reserved 1179648K
  class space    used 9040K, committed 9728K, reserved 1048576K
}
Event: 248750.348 GC heap after
{Heap after GC invocations=652 (full 4):
 PSYoungGen      total 2560K, used 96K [0x00000000d5580000, 0x00000000d5900000, 0x0000000100000000)
  eden space 2048K, 0% used [0x00000000d5580000,0x00000000d5580000,0x00000000d5780000)
  from space 512K, 18% used [0x00000000d5880000,0x00000000d5898000,0x00000000d5900000)
  to   space 512K, 0% used [0x00000000d5800000,0x00000000d5800000,0x00000000d5880000)
 ParOldGen       total 330752K, used 150140K [0x0000000080000000, 0x0000000094300000, 0x00000000d5580000)
  object space 330752K, 45% used [0x0000000080000000,0x000000008929f0b0,0x0000000094300000)
 Metaspace       used 84261K, committed 85824K, reserved 1179648K
  class space    used 9040K, committed 9728K, reserved 1048576K
}

