# JRE version: OpenJDK Runtime Environment Microsoft-9889599 (17.0.12+7) (build 17.0.12+7-LTS)
# Java VM: OpenJDK 64-Bit Server VM Microsoft-9889599 (17.0.12+7-LTS, mixed mode, sharing, tiered, compressed oops, compressed class ptrs, g1 gc, windows-amd64)
GC Precious Log:
 CPUs: 4 total, 4 available
 Memory: 8190M
 Large Page Support: Disabled
 NUMA Support: Disabled
 Compressed Oops: Enabled (32-bit)
 Heap Region Size: 1M
 Heap Min Capacity: 256M
 Heap Initial Capacity: 256M
 Heap Max Capacity: 512M
 Pre-touch: Disabled
 Parallel Workers: 4
 Concurrent Workers: 1
 Concurrent Refinement Workers: 4
 Periodic GC: Disabled
Heap:
 garbage-first heap   total 262144K, used 63078K [0x00000000e0000000, 0x0000000100000000)
  region size 1024K, 20 young (20480K), 10 survivors (10240K)
 Metaspace       used 70646K, committed 71232K, reserved 393216K
  class space    used 9601K, committed 9920K, reserved 327680K
GC Heap History (20 events):
Event: 6.199 GC heap before
{Heap before GC invocations=2 (full 0):
 garbage-first heap   total 262144K, used 165480K [0x00000000e0000000, 0x0000000100000000)
  region size 1024K, 153 young (156672K), 3 survivors (3072K)
 Metaspace       used 18547K, committed 18816K, reserved 393216K
  class space    used 2691K, committed 2816K, reserved 327680K
}
Event: 6.219 GC heap after
{Heap after GC invocations=3 (full 0):
 garbage-first heap   total 262144K, used 22006K [0x00000000e0000000, 0x0000000100000000)
  region size 1024K, 14 young (14336K), 14 survivors (14336K)
 Metaspace       used 18547K, committed 18816K, reserved 393216K
  class space    used 2691K, committed 2816K, reserved 327680K
}
Event: 6.823 GC heap before
{Heap before GC invocations=3 (full 0):
 garbage-first heap   total 262144K, used 43510K [0x00000000e0000000, 0x0000000100000000)
  region size 1024K, 36 young (36864K), 14 survivors (14336K)
 Metaspace       used 21152K, committed 21504K, reserved 393216K
  class space    used 3080K, committed 3264K, reserved 327680K
}
Event: 6.844 GC heap after
{Heap after GC invocations=4 (full 0):
 garbage-first heap   total 262144K, used 24428K [0x00000000e0000000, 0x0000000100000000)
  region size 1024K, 3 young (3072K), 3 survivors (3072K)
 Metaspace       used 21152K, committed 21504K, reserved 393216K
  class space    used 3080K, committed 3264K, reserved 327680K
}
Event: 9.999 GC heap before
{Heap before GC invocations=5 (full 0):
 garbage-first heap   total 262144K, used 162668K [0x00000000e0000000, 0x0000000100000000)
  region size 1024K, 138 young (141312K), 3 survivors (3072K)
 Metaspace       used 35614K, committed 36096K, reserved 393216K
  class space    used 4954K, committed 5184K, reserved 327680K
}
Event: 10.017 GC heap after
{Heap after GC invocations=6 (full 0):
 garbage-first heap   total 262144K, used 31081K [0x00000000e0000000, 0x0000000100000000)
  region size 1024K, 9 young (9216K), 9 survivors (9216K)
 Metaspace       used 35614K, committed 36096K, reserved 393216K
  class space    used 4954K, committed 5184K, reserved 327680K
}
Event: 14.087 GC heap before
{Heap before GC invocations=7 (full 0):
 garbage-first heap   total 262144K, used 178537K [0x00000000e0000000, 0x0000000100000000)
  region size 1024K, 153 young (156672K), 9 survivors (9216K)
 Metaspace       used 49484K, committed 50048K, reserved 393216K
  class space    used 7107K, committed 7360K, reserved 327680K
}
Event: 14.108 GC heap after
{Heap after GC invocations=8 (full 0):
 garbage-first heap   total 262144K, used 37677K [0x00000000e0000000, 0x0000000100000000)
  region size 1024K, 16 young (16384K), 16 survivors (16384K)
 Metaspace       used 49484K, committed 50048K, reserved 393216K
  class space    used 7107K, committed 7360K, reserved 327680K
}
Event: 14.131 GC heap before
{Heap before GC invocations=8 (full 0):
 garbage-first heap   total 262144K, used 38701K [0x00000000e0000000, 0x0000000100000000)
  region size 1024K, 17 young (17408K), 16 survivors (16384K)
 Metaspace       used 49598K, committed 50112K, reserved 393216K
  class space    used 7129K, committed 7360K, reserved 327680K
}
Event: 14.156 GC heap after
{Heap after GC invocations=9 (full 0):
 garbage-first heap   total 262144K, used 39079K [0x00000000e0000000, 0x0000000100000000)
  region size 1024K, 2 young (2048K), 2 survivors (2048K)
 Metaspace       used 49598K, committed 50112K, reserved 393216K
  class space    used 7129K, committed 7360K, reserved 327680K
}
Event: 18.450 GC heap before
{Heap before GC invocations=9 (full 0):
 garbage-first heap   total 262144K, used 193703K [0x00000000e0000000, 0x0000000100000000)
  region size 1024K, 153 young (156672K), 2 survivors (2048K)
 Metaspace       used 57018K, committed 57536K, reserved 393216K
  class space    used 7927K, committed 8192K, reserved 327680K
}
Event: 18.470 GC heap after
{Heap after GC invocations=10 (full 0):
 garbage-first heap   total 262144K, used 48219K [0x00000000e0000000, 0x0000000100000000)
  region size 1024K, 11 young (11264K), 11 survivors (11264K)
 Metaspace       used 57018K, committed 57536K, reserved 393216K
  class space    used 7927K, committed 8192K, reserved 327680K
}
Event: 22.506 GC heap before
{Heap before GC invocations=10 (full 0):
 garbage-first heap   total 262144K, used 192603K [0x00000000e0000000, 0x0000000100000000)
  region size 1024K, 153 young (156672K), 11 survivors (11264K)
 Metaspace       used 59576K, committed 60288K, reserved 393216K
  class space    used 8292K, committed 8640K, reserved 327680K
}
Event: 22.526 GC heap after
{Heap after GC invocations=11 (full 0):
 garbage-first heap   total 262144K, used 47620K [0x00000000e0000000, 0x0000000100000000)
  region size 1024K, 3 young (3072K), 3 survivors (3072K)
 Metaspace       used 59576K, committed 60288K, reserved 393216K
  class space    used 8292K, committed 8640K, reserved 327680K
}
Event: 23.887 GC heap before
{Heap before GC invocations=11 (full 0):
 garbage-first heap   total 262144K, used 201220K [0x00000000e0000000, 0x0000000100000000)
  region size 1024K, 153 young (156672K), 3 survivors (3072K)
 Metaspace       used 59594K, committed 60288K, reserved 393216K
  class space    used 8292K, committed 8640K, reserved 327680K
}
Event: 23.892 GC heap after
{Heap after GC invocations=12 (full 0):
 garbage-first heap   total 262144K, used 46975K [0x00000000e0000000, 0x0000000100000000)
  region size 1024K, 3 young (3072K), 3 survivors (3072K)
 Metaspace       used 59594K, committed 60288K, reserved 393216K
  class space    used 8292K, committed 8640K, reserved 327680K
}
Event: 24.666 GC heap before
{Heap before GC invocations=12 (full 0):
 garbage-first heap   total 262144K, used 200575K [0x00000000e0000000, 0x0000000100000000)
  region size 1024K, 153 young (156672K), 3 survivors (3072K)
 Metaspace       used 59600K, committed 60288K, reserved 393216K
  class space    used 8292K, committed 8640K, reserved 327680K
}
Event: 24.671 GC heap after
{Heap after GC invocations=13 (full 0):
 garbage-first heap   total 262144K, used 46551K [0x00000000e0000000, 0x0000000100000000)
  region size 1024K, 2 young (2048K), 2 survivors (2048K)
 Metaspace       used 59600K, committed 60288K, reserved 393216K
  class space    used 8292K, committed 8640K, reserved 327680K
}
Event: 25.079 GC heap before
{Heap before GC invocations=13 (full 0):
 garbage-first heap   total 262144K, used 109015K [0x00000000e0000000, 0x0000000100000000)
  region size 1024K, 64 young (65536K), 2 survivors (2048K)
 Metaspace       used 59829K, committed 60416K, reserved 393216K
  class space    used 8345K, committed 8640K, reserved 327680K
}
Event: 25.087 GC heap after
{Heap after GC invocations=14 (full 0):
 garbage-first heap   total 262144K, used 46574K [0x00000000e0000000, 0x0000000100000000)
  region size 1024K, 2 young (2048K), 2 survivors (2048K)
 Metaspace       used 59829K, committed 60416K, reserved 393216K
  class space    used 8345K, committed 8640K, reserved 327680K
}

